<?xml version="1.0" encoding="UTF-8"?>
<robot generator="Robot 4.1.3 (Python 3.10.1 on win32)" generated="20220309 21:07:03.603" rpa="false" schemaversion="2">
<suite id="s1" name="Radiobutton" source="C:\Users\USER\Documents\demorobot\radiobutton.robot">
<test id="s1-t1" name="Click Radio Button &quot;Impressive&quot;">
<kw name="Open Browser" library="SeleniumLibrary" type="SETUP">
<arg>${webURL}</arg>
<arg>${BROWSERS}</arg>
<doc>Opens a new browser instance to the optional ``url``.</doc>
<msg timestamp="20220309 21:07:04.118" level="INFO">Opening browser 'chrome' to base url 'https://demoqa.com/radio-button'.</msg>
<status status="PASS" starttime="20220309 21:07:04.118" endtime="20220309 21:07:13.422"/>
</kw>
<kw name="Maximize Browser Window" library="SeleniumLibrary">
<doc>Maximizes current browser window.</doc>
<status status="PASS" starttime="20220309 21:07:13.428" endtime="20220309 21:07:13.776"/>
</kw>
<kw name="Click Element" library="SeleniumLibrary">
<arg>//*[@for="impressiveRadio"]</arg>
<doc>Click the element identified by ``locator``.</doc>
<msg timestamp="20220309 21:07:13.786" level="INFO">Clicking element '//*[@for="impressiveRadio"]'.</msg>
<status status="PASS" starttime="20220309 21:07:13.785" endtime="20220309 21:07:14.763"/>
</kw>
<kw name="Element Should Be Visible" library="SeleniumLibrary">
<arg>//span[@class="text-success"]</arg>
<doc>Verifies that the element identified by ``locator`` is visible.</doc>
<msg timestamp="20220309 21:07:14.900" level="INFO">Element '//span[@class="text-success"]' is displayed.</msg>
<status status="PASS" starttime="20220309 21:07:14.764" endtime="20220309 21:07:14.901"/>
</kw>
<kw name="Element Should Contain" library="SeleniumLibrary">
<arg>//span[@class="text-success"]</arg>
<arg>Impressive</arg>
<doc>Verifies that element ``locator`` contains text ``expected``.</doc>
<msg timestamp="20220309 21:07:14.971" level="INFO">Element '//span[@class="text-success"]' contains text 'Impressive'.</msg>
<status status="PASS" starttime="20220309 21:07:14.909" endtime="20220309 21:07:14.972"/>
</kw>
<kw name="Sleep" library="BuiltIn">
<arg>3s</arg>
<doc>Pauses the test executed for the given time.</doc>
<msg timestamp="20220309 21:07:17.982" level="INFO">Slept 3 seconds</msg>
<status status="PASS" starttime="20220309 21:07:14.973" endtime="20220309 21:07:17.982"/>
</kw>
<kw name="Close Browser" library="SeleniumLibrary" type="TEARDOWN">
<doc>Closes the current browser.</doc>
<status status="PASS" starttime="20220309 21:07:17.990" endtime="20220309 21:07:20.895"/>
</kw>
<status status="PASS" starttime="20220309 21:07:04.117" endtime="20220309 21:07:20.898"/>
</test>
<test id="s1-t2" name="Click Radio Button &quot;Yes&quot;">
<kw name="Open Browser" library="SeleniumLibrary" type="SETUP">
<arg>${webURL}</arg>
<arg>${BROWSERS}</arg>
<doc>Opens a new browser instance to the optional ``url``.</doc>
<msg timestamp="20220309 21:07:20.908" level="INFO">Opening browser 'chrome' to base url 'https://demoqa.com/radio-button'.</msg>
<status status="PASS" starttime="20220309 21:07:20.906" endtime="20220309 21:07:33.136"/>
</kw>
<kw name="Maximize Browser Window" library="SeleniumLibrary">
<doc>Maximizes current browser window.</doc>
<status status="PASS" starttime="20220309 21:07:33.138" endtime="20220309 21:07:33.429"/>
</kw>
<kw name="Click Element" library="SeleniumLibrary">
<arg>//*[@for="yesRadio"]</arg>
<doc>Click the element identified by ``locator``.</doc>
<msg timestamp="20220309 21:07:33.431" level="INFO">Clicking element '//*[@for="yesRadio"]'.</msg>
<status status="PASS" starttime="20220309 21:07:33.431" endtime="20220309 21:07:33.641"/>
</kw>
<kw name="Element Should Be Visible" library="SeleniumLibrary">
<arg>//span[@class="text-success"]</arg>
<doc>Verifies that the element identified by ``locator`` is visible.</doc>
<msg timestamp="20220309 21:07:33.833" level="INFO">Element '//span[@class="text-success"]' is displayed.</msg>
<status status="PASS" starttime="20220309 21:07:33.740" endtime="20220309 21:07:33.833"/>
</kw>
<kw name="Element Should Contain" library="SeleniumLibrary">
<arg>//span[@class="text-success"]</arg>
<arg>Yes</arg>
<doc>Verifies that element ``locator`` contains text ``expected``.</doc>
<msg timestamp="20220309 21:07:33.872" level="INFO">Element '//span[@class="text-success"]' contains text 'Yes'.</msg>
<status status="PASS" starttime="20220309 21:07:33.841" endtime="20220309 21:07:33.872"/>
</kw>
<kw name="Sleep" library="BuiltIn">
<arg>3s</arg>
<doc>Pauses the test executed for the given time.</doc>
<msg timestamp="20220309 21:07:36.878" level="INFO">Slept 3 seconds</msg>
<status status="PASS" starttime="20220309 21:07:33.873" endtime="20220309 21:07:36.878"/>
</kw>
<kw name="Close Browser" library="SeleniumLibrary" type="TEARDOWN">
<doc>Closes the current browser.</doc>
<status status="PASS" starttime="20220309 21:07:36.879" endtime="20220309 21:07:39.538"/>
</kw>
<status status="PASS" starttime="20220309 21:07:20.905" endtime="20220309 21:07:39.539"/>
</test>
<status status="PASS" starttime="20220309 21:07:03.608" endtime="20220309 21:07:39.541"/>
</suite>
<statistics>
<total>
<stat pass="2" fail="0" skip="0">All Tests</stat>
</total>
<tag>
</tag>
<suite>
<stat pass="2" fail="0" skip="0" id="s1" name="Radiobutton">Radiobutton</stat>
</suite>
</statistics>
<errors>
</errors>
</robot>
